RUNNING  configs_V07-06-06/condor_V07-06-06_4T_amcNLO.cmd
11
argument list is:  arguments=merged_ntuple_1 /hadoop/cms/store/group/snt/run2_25ns_76MiniAODv2/TTTT_TuneCUETP8M1_13TeV-amcatnlo-pythia8_RunIIFall15MiniAODv2-PU25nsData2015v1_76X_mcRun2_asymptotic_v12_ext1-v1/V07-06-03_MC//merged_ntuple_1.root /hadoop/cms/store/user/bhashemi/dilepbabies/V07-06-06_4T_amcNLO
output path is:  /hadoop/cms/store/user/bhashemi/dilepbabies/V07-06-06_4T_amcNLO
0  / 11
1  / 11
2  / 11
3  / 11
4  / 11
5  / 11
6  / 11
7  / 11
8  / 11
9  / 11
10  / 11
No missing files
RUNNING  configs_V07-06-06/condor_V07-06-06_DYJetsToLL_M-10to50_amcNLO_ext1-v1.cmd
348
argument list is:  arguments=merged_ntuple_1 /hadoop/cms/store/group/snt/run2_25ns_76MiniAODv2/V/DYJetsToLL_M-10to50_TuneCUETP8M1_13TeV-amcatnloFXFX-pythia8/ext1-v1/CMS3_V07-06-03//merged_ntuple_1.root /hadoop/cms/store/user/bhashemi/dilepbabies/V07-06-06_DYJetsToLL_M-10to50_amcNLO_ext1-v1
output path is:  /hadoop/cms/store/user/bhashemi/dilepbabies/V07-06-06_DYJetsToLL_M-10to50_amcNLO_ext1-v1
0  / 348
1  / 348
2  / 348
3  / 348
4  / 348
5  / 348
6  / 348
7  / 348
8  / 348
9  / 348
10  / 348
11  / 348
12  / 348
13  / 348
14  / 348
15  / 348
16  / 348
17  / 348
18  / 348
19  / 348
20  / 348
21  / 348
22  / 348
23  / 348
24  / 348
25  / 348
26  / 348
27  / 348
28  / 348
29  / 348
30  / 348
31  / 348
32  / 348
33  / 348
34  / 348
35  / 348
36  / 348
37  / 348
38  / 348
39  / 348
40  / 348
41  / 348
42  / 348
43  / 348
44  / 348
45  / 348
46  / 348
47  / 348
48  / 348
49  / 348
50  / 348
51  / 348
52  / 348
53  / 348
54  / 348
55  / 348
56  / 348
57  / 348
58  / 348
59  / 348
60  / 348
61  / 348
62  / 348
63  / 348
64  / 348
65  / 348
66  / 348
67  / 348
68  / 348
69  / 348
70  / 348
71  / 348
72  / 348
73  / 348
74  / 348
75  / 348
76  / 348
77  / 348
78  / 348
79  / 348
80  / 348
81  / 348
82  / 348
83  / 348
84  / 348
85  / 348
86  / 348
87  / 348
88  / 348
89  / 348
90  / 348
91  / 348
92  / 348
93  / 348
94  / 348
95  / 348
96  / 348
97  / 348
98  / 348
99  / 348
100  / 348
101  / 348
102  / 348
103  / 348
104  / 348
105  / 348
106  / 348
107  / 348
108  / 348
109  / 348
110  / 348
111  / 348
112  / 348
113  / 348
114  / 348
115  / 348
116  / 348
117  / 348
118  / 348
119  / 348
120  / 348
121  / 348
122  / 348
123  / 348
124  / 348
125  / 348
126  / 348
127  / 348
128  / 348
129  / 348
130  / 348
131  / 348
132  / 348
133  / 348
134  / 348
135  / 348
136  / 348
137  / 348
138  / 348
139  / 348
140  / 348
141  / 348
142  / 348
143  / 348
144  / 348
145  / 348
146  / 348
147  / 348
148  / 348
149  / 348
150  / 348
151  / 348
152  / 348
153  / 348
154  / 348
155  / 348
156  / 348
157  / 348
158  / 348
159  / 348
160  / 348
161  / 348
162  / 348
163  / 348
164  / 348
165  / 348
166  / 348
167  / 348
168  / 348
169  / 348
170  / 348
171  / 348
172  / 348
173  / 348
174  / 348
175  / 348
176  / 348
177  / 348
178  / 348
179  / 348
180  / 348
181  / 348
182  / 348
183  / 348
184  / 348
185  / 348
186  / 348
187  / 348
188  / 348
189  / 348
190  / 348
191  / 348
192  / 348
193  / 348
194  / 348
195  / 348
196  / 348
197  / 348
198  / 348
199  / 348
200  / 348
201  / 348
202  / 348
203  / 348
204  / 348
205  / 348
206  / 348
207  / 348
208  / 348
209  / 348
210  / 348
211  / 348
212  / 348
213  / 348
214  / 348
215  / 348
216  / 348
217  / 348
218  / 348
219  / 348
220  / 348
221  / 348
222  / 348
223  / 348
224  / 348
225  / 348
226  / 348
227  / 348
228  / 348
229  / 348
230  / 348
231  / 348
232  / 348
233  / 348
234  / 348
235  / 348
236  / 348
237  / 348
238  / 348
239  / 348
240  / 348
241  / 348
242  / 348
243  / 348
244  / 348
245  / 348
246  / 348
247  / 348
248  / 348
249  / 348
250  / 348
251  / 348
252  / 348
253  / 348
254  / 348
255  / 348
256  / 348
257  / 348
258  / 348
259  / 348
260  / 348
261  / 348
262  / 348
263  / 348
264  / 348
265  / 348
266  / 348
267  / 348
268  / 348
269  / 348
270  / 348
271  / 348
272  / 348
273  / 348
274  / 348
275  / 348
276  / 348
277  / 348
278  / 348
279  / 348
280  / 348
281  / 348
282  / 348
283  / 348
284  / 348
285  / 348
286  / 348
287  / 348
288  / 348
289  / 348
290  / 348
291  / 348
292  / 348
293  / 348
294  / 348
295  / 348
296  / 348
297  / 348
298  / 348
299  / 348
300  / 348
301  / 348
302  / 348
303  / 348
304  / 348
305  / 348
306  / 348
307  / 348
308  / 348
309  / 348
310  / 348
311  / 348
312  / 348
313  / 348
314  / 348
315  / 348
316  / 348
317  / 348
318  / 348
319  / 348
320  / 348
321  / 348
322  / 348
323  / 348
324  / 348
325  / 348
326  / 348
327  / 348
328  / 348
329  / 348
330  / 348
331  / 348
332  / 348
333  / 348
334  / 348
335  / 348
336  / 348
337  / 348
338  / 348
339  / 348
340  / 348
341  / 348
342  / 348
343  / 348
344  / 348
345  / 348
346  / 348
347  / 348
No missing files
RUNNING  configs_V07-06-06/condor_V07-06-06_DYJetsToLL_M-10to50_amcNLO_ext3-v1.cmd
441
argument list is:  arguments=merged_ntuple_1 /hadoop/cms/store/group/snt/run2_25ns_76MiniAODv2/V/DYJetsToLL_M-10to50_TuneCUETP8M1_13TeV-amcatnloFXFX-pythia8/ext3-v1/CMS3_V07-06-03//merged_ntuple_1.root /hadoop/cms/store/user/bhashemi/dilepbabies/V07-06-06_DYJetsToLL_M-10to50_amcNLO_ext3-v1
output path is:  /hadoop/cms/store/user/bhashemi/dilepbabies/V07-06-06_DYJetsToLL_M-10to50_amcNLO_ext3-v1
0  / 441
1  / 441
2  / 441
3  / 441
4  / 441
5  / 441
6  / 441
7  / 441
8  / 441
9  / 441
10  / 441
11  / 441
12  / 441
13  / 441
14  / 441
15  / 441
16  / 441
17  / 441
18  / 441
19  / 441
20  / 441
21  / 441
22  / 441
23  / 441
24  / 441
25  / 441
26  / 441
27  / 441
28  / 441
29  / 441
30  / 441
31  / 441
32  / 441
33  / 441
34  / 441
35  / 441
36  / 441
37  / 441
38  / 441
39  / 441
40  / 441
41  / 441
42  / 441
43  / 441
44  / 441
45  / 441
46  / 441
47  / 441
48  / 441
49  / 441
50  / 441
51  / 441
52  / 441
53  / 441
54  / 441
55  / 441
56  / 441
57  / 441
58  / 441
59  / 441
60  / 441
61  / 441
62  / 441
63  / 441
64  / 441
65  / 441
66  / 441
67  / 441
68  / 441
69  / 441
70  / 441
71  / 441
72  / 441
73  / 441
74  / 441
75  / 441
76  / 441
77  / 441
78  / 441
79  / 441
80  / 441
81  / 441
82  / 441
83  / 441
84  / 441
85  / 441
86  / 441
87  / 441
88  / 441
89  / 441
90  / 441
91  / 441
92  / 441
93  / 441
94  / 441
95  / 441
96  / 441
97  / 441
98  / 441
99  / 441
100  / 441
101  / 441
102  / 441
103  / 441
104  / 441
105  / 441
106  / 441
107  / 441
108  / 441
109  / 441
110  / 441
111  / 441
112  / 441
113  / 441
114  / 441
115  / 441
116  / 441
117  / 441
118  / 441
119  / 441
120  / 441
121  / 441
122  / 441
123  / 441
124  / 441
125  / 441
126  / 441
127  / 441
128  / 441
129  / 441
130  / 441
131  / 441
132  / 441
133  / 441
134  / 441
135  / 441
136  / 441
137  / 441
138  / 441
139  / 441
140  / 441
141  / 441
142  / 441
143  / 441
144  / 441
145  / 441
146  / 441
147  / 441
148  / 441
149  / 441
150  / 441
151  / 441
152  / 441
153  / 441
154  / 441
155  / 441
156  / 441
157  / 441
158  / 441
159  / 441
160  / 441
161  / 441
162  / 441
163  / 441
164  / 441
165  / 441
166  / 441
167  / 441
168  / 441
169  / 441
170  / 441
171  / 441
172  / 441
173  / 441
174  / 441
175  / 441
176  / 441
177  / 441
178  / 441
179  / 441
180  / 441
181  / 441
182  / 441
183  / 441
184  / 441
185  / 441
186  / 441
187  / 441
188  / 441
189  / 441
190  / 441
191  / 441
192  / 441
193  / 441
194  / 441
195  / 441
196  / 441
197  / 441
198  / 441
199  / 441
200  / 441
201  / 441
202  / 441
203  / 441
204  / 441
205  / 441
206  / 441
207  / 441
208  / 441
209  / 441
210  / 441
211  / 441
212  / 441
213  / 441
214  / 441
215  / 441
216  / 441
217  / 441
218  / 441
219  / 441
220  / 441
221  / 441
222  / 441
223  / 441
224  / 441
225  / 441
226  / 441
227  / 441
228  / 441
229  / 441
230  / 441
231  / 441
232  / 441
233  / 441
234  / 441
235  / 441
236  / 441
237  / 441
238  / 441
239  / 441
240  / 441
241  / 441
242  / 441
243  / 441
244  / 441
245  / 441
246  / 441
247  / 441
248  / 441
249  / 441
250  / 441
251  / 441
252  / 441
253  / 441
254  / 441
255  / 441
256  / 441
257  / 441
258  / 441
259  / 441
260  / 441
261  / 441
262  / 441
263  / 441
264  / 441
265  / 441
266  / 441
267  / 441
268  / 441
269  / 441
270  / 441
271  / 441
272  / 441
273  / 441
274  / 441
275  / 441
276  / 441
277  / 441
278  / 441
279  / 441
280  / 441
281  / 441
282  / 441
283  / 441
284  / 441
285  / 441
286  / 441
287  / 441
288  / 441
289  / 441
290  / 441
291  / 441
292  / 441
293  / 441
294  / 441
295  / 441
296  / 441
297  / 441
298  / 441
299  / 441
300  / 441
301  / 441
302  / 441
303  / 441
304  / 441
305  / 441
306  / 441
307  / 441
308  / 441
309  / 441
310  / 441
311  / 441
312  / 441
313  / 441
314  / 441
315  / 441
316  / 441
317  / 441
318  / 441
319  / 441
320  / 441
321  / 441
322  / 441
323  / 441
324  / 441
325  / 441
326  / 441
327  / 441
328  / 441
329  / 441
330  / 441
331  / 441
332  / 441
333  / 441
334  / 441
335  / 441
336  / 441
337  / 441
338  / 441
339  / 441
340  / 441
341  / 441
342  / 441
343  / 441
344  / 441
345  / 441
346  / 441
347  / 441
348  / 441
349  / 441
350  / 441
351  / 441
352  / 441
353  / 441
354  / 441
355  / 441
356  / 441
357  / 441
358  / 441
359  / 441
360  / 441
361  / 441
362  / 441
363  / 441
364  / 441
365  / 441
366  / 441
367  / 441
368  / 441
369  / 441
370  / 441
371  / 441
372  / 441
373  / 441
374  / 441
375  / 441
376  / 441
377  / 441
378  / 441
379  / 441
380  / 441
381  / 441
382  / 441
383  / 441
384  / 441
385  / 441
386  / 441
387  / 441
388  / 441
389  / 441
390  / 441
391  / 441
392  / 441
393  / 441
394  / 441
395  / 441
396  / 441
397  / 441
398  / 441
399  / 441
400  / 441
401  / 441
402  / 441
403  / 441
404  / 441
405  / 441
406  / 441
407  / 441
408  / 441
409  / 441
410  / 441
411  / 441
412  / 441
413  / 441
414  / 441
415  / 441
416  / 441
417  / 441
418  / 441
419  / 441
420  / 441
421  / 441
422  / 441
423  / 441
424  / 441
425  / 441
426  / 441
427  / 441
428  / 441
429  / 441
430  / 441
431  / 441
432  / 441
433  / 441
434  / 441
435  / 441
436  / 441
437  / 441
438  / 441
439  / 441
440  / 441
No missing files
RUNNING  configs_V07-06-06/condor_V07-06-06_DYJetsToLL_M-10to50_amcNLO_v1.cmd
177
argument list is:  arguments=merged_ntuple_1 /hadoop/cms/store/group/snt/run2_25ns_76MiniAODv2/V/DYJetsToLL_M-10to50_TuneCUETP8M1_13TeV-amcatnloFXFX-pythia8/v1/CMS3_V07-06-03//merged_ntuple_1.root /hadoop/cms/store/user/bhashemi/dilepbabies/V07-06-06_DYJetsToLL_M-10to50_amcNLO_v1
output path is:  /hadoop/cms/store/user/bhashemi/dilepbabies/V07-06-06_DYJetsToLL_M-10to50_amcNLO_v1
0  / 177
1  / 177
2  / 177
3  / 177
4  / 177
5  / 177
6  / 177
7  / 177
8  / 177
9  / 177
10  / 177
11  / 177
12  / 177
13  / 177
14  / 177
15  / 177
16  / 177
17  / 177
18  / 177
19  / 177
20  / 177
21  / 177
22  / 177
23  / 177
24  / 177
25  / 177
26  / 177
27  / 177
28  / 177
29  / 177
30  / 177
31  / 177
32  / 177
33  / 177
34  / 177
35  / 177
36  / 177
37  / 177
38  / 177
39  / 177
40  / 177
41  / 177
42  / 177
43  / 177
44  / 177
45  / 177
46  / 177
47  / 177
48  / 177
49  / 177
50  / 177
51  / 177
52  / 177
53  / 177
54  / 177
55  / 177
56  / 177
57  / 177
58  / 177
59  / 177
60  / 177
61  / 177
62  / 177
63  / 177
64  / 177
65  / 177
66  / 177
67  / 177
68  / 177
69  / 177
70  / 177
71  / 177
72  / 177
73  / 177
74  / 177
75  / 177
76  / 177
77  / 177
78  / 177
79  / 177
80  / 177
81  / 177
82  / 177
83  / 177
84  / 177
85  / 177
86  / 177
87  / 177
88  / 177
89  / 177
90  / 177
91  / 177
92  / 177
93  / 177
94  / 177
95  / 177
96  / 177
97  / 177
98  / 177
99  / 177
100  / 177
101  / 177
102  / 177
103  / 177
104  / 177
105  / 177
106  / 177
107  / 177
108  / 177
109  / 177
110  / 177
111  / 177
112  / 177
113  / 177
114  / 177
115  / 177
116  / 177
117  / 177
118  / 177
119  / 177
120  / 177
121  / 177
122  / 177
123  / 177
124  / 177
125  / 177
126  / 177
127  / 177
128  / 177
129  / 177
130  / 177
131  / 177
132  / 177
133  / 177
134  / 177
135  / 177
136  / 177
137  / 177
138  / 177
139  / 177
140  / 177
141  / 177
142  / 177
143  / 177
144  / 177
145  / 177
146  / 177
147  / 177
148  / 177
149  / 177
150  / 177
151  / 177
152  / 177
153  / 177
154  / 177
155  / 177
156  / 177
157  / 177
158  / 177
159  / 177
160  / 177
161  / 177
162  / 177
163  / 177
164  / 177
165  / 177
166  / 177
167  / 177
168  / 177
169  / 177
170  / 177
171  / 177
172  / 177
173  / 177
174  / 177
175  / 177
176  / 177
No missing files
RUNNING  configs_V07-06-06/condor_V07-06-06_DYJetsToLL_M-50_amcNLO_HCALdebug-v1.cmd
216
argument list is:  arguments=merged_ntuple_1 /hadoop/cms/store/group/snt/run2_25ns_76MiniAODv2/V/DYJetsToLL_M-50_TuneCUETP8M1_13TeV-amcatnloFXFX-pythia8/HCALdebug-v1/CMS3_V07-06-03//merged_ntuple_1.root /hadoop/cms/store/user/bhashemi/dilepbabies/V07-06-06_DYJetsToLL_M-50_amcNLO_HCALdebug-v1
output path is:  /hadoop/cms/store/user/bhashemi/dilepbabies/V07-06-06_DYJetsToLL_M-50_amcNLO_HCALdebug-v1
0  / 216
1  / 216
2  / 216
3  / 216
4  / 216
5  / 216
6  / 216
7  / 216
8  / 216
9  / 216
10  / 216
11  / 216
12  / 216
13  / 216
14  / 216
15  / 216
16  / 216
17  / 216
18  / 216
19  / 216
20  / 216
21  / 216
22  / 216
23  / 216
24  / 216
25  / 216
26  / 216
27  / 216
28  / 216
29  / 216
30  / 216
31  / 216
32  / 216
33  / 216
34  / 216
35  / 216
36  / 216
37  / 216
38  / 216
39  / 216
40  / 216
41  / 216
42  / 216
43  / 216
44  / 216
45  / 216
46  / 216
47  / 216
48  / 216
49  / 216
50  / 216
51  / 216
52  / 216
53  / 216
54  / 216
55  / 216
56  / 216
57  / 216
58  / 216
59  / 216
60  / 216
61  / 216
62  / 216
63  / 216
64  / 216
65  / 216
66  / 216
67  / 216
68  / 216
69  / 216
70  / 216
71  / 216
72  / 216
73  / 216
74  / 216
75  / 216
76  / 216
77  / 216
78  / 216
79  / 216
80  / 216
81  / 216
82  / 216
83  / 216
84  / 216
85  / 216
86  / 216
87  / 216
88  / 216
89  / 216
90  / 216
91  / 216
92  / 216
93  / 216
94  / 216
95  / 216
96  / 216
97  / 216
98  / 216
99  / 216
100  / 216
101  / 216
102  / 216
103  / 216
104  / 216
105  / 216
106  / 216
107  / 216
108  / 216
109  / 216
110  / 216
111  / 216
112  / 216
113  / 216
114  / 216
115  / 216
116  / 216
117  / 216
118  / 216
119  / 216
120  / 216
121  / 216
122  / 216
123  / 216
124  / 216
125  / 216
126  / 216
127  / 216
128  / 216
129  / 216
130  / 216
131  / 216
132  / 216
133  / 216
134  / 216
135  / 216
136  / 216
137  / 216
138  / 216
139  / 216
140  / 216
141  / 216
142  / 216
143  / 216
144  / 216
145  / 216
146  / 216
147  / 216
148  / 216
149  / 216
150  / 216
151  / 216
152  / 216
153  / 216
154  / 216
155  / 216
156  / 216
157  / 216
158  / 216
159  / 216
160  / 216
161  / 216
162  / 216
163  / 216
164  / 216
165  / 216
166  / 216
167  / 216
168  / 216
169  / 216
170  / 216
171  / 216
172  / 216
173  / 216
174  / 216
175  / 216
176  / 216
177  / 216
178  / 216
179  / 216
180  / 216
181  / 216
182  / 216
183  / 216
184  / 216
185  / 216
186  / 216
187  / 216
188  / 216
189  / 216
190  / 216
191  / 216
192  / 216
193  / 216
194  / 216
195  / 216
196  / 216
197  / 216
198  / 216
199  / 216
200  / 216
201  / 216
202  / 216
203  / 216
204  / 216
205  / 216
206  / 216
207  / 216
208  / 216
209  / 216
210  / 216
211  / 216
212  / 216
213  / 216
214  / 216
215  / 216
No missing files
RUNNING  configs_V07-06-06/condor_V07-06-06_DYJetsToLL_M-50_amcNLO_ext4-v1.cmd
897
argument list is:  arguments=merged_ntuple_1 /hadoop/cms/store/group/snt/run2_25ns_76MiniAODv2/V/DYJetsToLL_M-50_TuneCUETP8M1_13TeV-amcatnloFXFX-pythia8/ext4-v1/CMS3_V07-06-03//merged_ntuple_1.root /hadoop/cms/store/user/bhashemi/dilepbabies/V07-06-06_DYJetsToLL_M-50_amcNLO_ext4-v1
output path is:  /hadoop/cms/store/user/bhashemi/dilepbabies/V07-06-06_DYJetsToLL_M-50_amcNLO_ext4-v1
0  / 897
1  / 897
2  / 897
3  / 897
4  / 897
5  / 897
6  / 897
7  / 897
8  / 897
9  / 897
10  / 897
11  / 897
12  / 897
13  / 897
14  / 897
15  / 897
16  / 897
17  / 897
18  / 897
19  / 897
20  / 897
21  / 897
22  / 897
23  / 897
24  / 897
25  / 897
26  / 897
27  / 897
28  / 897
29  / 897
30  / 897
31  / 897
32  / 897
33  / 897
34  / 897
35  / 897
36  / 897
37  / 897
38  / 897
39  / 897
40  / 897
41  / 897
42  / 897
43  / 897
44  / 897
45  / 897
46  / 897
47  / 897
48  / 897
49  / 897
50  / 897
51  / 897
52  / 897
53  / 897
54  / 897
55  / 897
56  / 897
57  / 897
58  / 897
59  / 897
60  / 897
61  / 897
62  / 897
63  / 897
64  / 897
65  / 897
66  / 897
67  / 897
68  / 897
69  / 897
70  / 897
71  / 897
72  / 897
73  / 897
74  / 897
75  / 897
76  / 897
77  / 897
78  / 897
79  / 897
80  / 897
81  / 897
82  / 897
83  / 897
84  / 897
85  / 897
86  / 897
87  / 897
88  / 897
89  / 897
90  / 897
91  / 897
92  / 897
93  / 897
94  / 897
95  / 897
96  / 897
97  / 897
98  / 897
99  / 897
100  / 897
101  / 897
102  / 897
103  / 897
104  / 897
105  / 897
106  / 897
107  / 897
108  / 897
109  / 897
110  / 897
111  / 897
112  / 897
113  / 897
114  / 897
115  / 897
116  / 897
117  / 897
118  / 897
119  / 897
120  / 897
121  / 897
122  / 897
123  / 897
124  / 897
125  / 897
126  / 897
127  / 897
128  / 897
129  / 897
130  / 897
131  / 897
132  / 897
133  / 897
134  / 897
135  / 897
136  / 897
137  / 897
138  / 897
139  / 897
140  / 897
141  / 897
142  / 897
143  / 897
144  / 897
145  / 897
146  / 897
147  / 897
148  / 897
149  / 897
150  / 897
151  / 897
152  / 897
153  / 897
154  / 897
155  / 897
156  / 897
157  / 897
158  / 897
159  / 897
160  / 897
161  / 897
162  / 897
163  / 897
164  / 897
165  / 897
166  / 897
167  / 897
168  / 897
169  / 897
170  / 897
171  / 897
172  / 897
173  / 897
174  / 897
175  / 897
176  / 897
177  / 897
178  / 897
179  / 897
180  / 897
181  / 897
182  / 897
183  / 897
184  / 897
185  / 897
186  / 897
187  / 897
188  / 897
189  / 897
190  / 897
191  / 897
192  / 897
193  / 897
194  / 897
195  / 897
196  / 897
197  / 897
198  / 897
199  / 897
200  / 897
201  / 897
202  / 897
203  / 897
204  / 897
205  / 897
206  / 897
207  / 897
208  / 897
209  / 897
210  / 897
211  / 897
212  / 897
213  / 897
214  / 897
215  / 897
216  / 897
217  / 897
218  / 897
219  / 897
220  / 897
221  / 897
222  / 897
223  / 897
224  / 897
225  / 897
226  / 897
227  / 897
228  / 897
229  / 897
230  / 897
231  / 897
232  / 897
233  / 897
234  / 897
235  / 897
236  / 897
237  / 897
238  / 897
239  / 897
240  / 897
241  / 897
242  / 897
243  / 897
244  / 897
245  / 897
246  / 897
247  / 897
248  / 897
249  / 897
250  / 897
251  / 897
252  / 897
253  / 897
254  / 897
255  / 897
256  / 897
257  / 897
258  / 897
259  / 897
260  / 897
261  / 897
262  / 897
263  / 897
264  / 897
265  / 897
266  / 897
267  / 897
268  / 897
269  / 897
270  / 897
271  / 897
272  / 897
273  / 897
274  / 897
275  / 897
276  / 897
277  / 897
278  / 897
279  / 897
280  / 897
281  / 897
282  / 897
283  / 897
284  / 897
285  / 897
286  / 897
287  / 897
288  / 897
289  / 897
290  / 897
291  / 897
292  / 897
293  / 897
294  / 897
295  / 897
296  / 897
297  / 897
298  / 897
299  / 897
300  / 897
301  / 897
302  / 897
303  / 897
304  / 897
305  / 897
306  / 897
307  / 897
308  / 897
309  / 897
310  / 897
311  / 897
312  / 897
313  / 897
314  / 897
315  / 897
316  / 897
317  / 897
318  / 897
319  / 897
320  / 897
321  / 897
322  / 897
323  / 897
324  / 897
325  / 897
326  / 897
327  / 897
328  / 897
329  / 897
330  / 897
331  / 897
332  / 897
333  / 897
334  / 897
335  / 897
336  / 897
337  / 897
338  / 897
339  / 897
340  / 897
341  / 897
342  / 897
343  / 897
344  / 897
345  / 897
346  / 897
347  / 897
348  / 897
349  / 897
350  / 897
351  / 897
352  / 897
353  / 897
354  / 897
355  / 897
356  / 897
357  / 897
358  / 897
359  / 897
360  / 897
361  / 897
362  / 897
363  / 897
364  / 897
365  / 897
366  / 897
367  / 897
368  / 897
369  / 897
370  / 897
371  / 897
372  / 897
373  / 897
374  / 897
375  / 897
376  / 897
377  / 897
378  / 897
379  / 897
380  / 897
381  / 897
382  / 897
383  / 897
384  / 897
385  / 897
386  / 897
387  / 897
388  / 897
389  / 897
390  / 897
391  / 897
392  / 897
393  / 897
394  / 897
395  / 897
396  / 897
397  / 897
398  / 897
399  / 897
400  / 897
401  / 897
402  / 897
403  / 897
404  / 897
405  / 897
406  / 897
407  / 897
408  / 897
409  / 897
410  / 897
411  / 897
412  / 897
413  / 897
414  / 897
415  / 897
416  / 897
417  / 897
418  / 897
419  / 897
420  / 897
421  / 897
422  / 897
423  / 897
424  / 897
425  / 897
426  / 897
427  / 897
428  / 897
429  / 897
430  / 897
431  / 897
432  / 897
433  / 897
434  / 897
435  / 897
436  / 897
437  / 897
438  / 897
439  / 897
440  / 897
441  / 897
442  / 897
443  / 897
444  / 897
445  / 897
446  / 897
447  / 897
448  / 897
449  / 897
450  / 897
451  / 897
452  / 897
453  / 897
454  / 897
455  / 897
456  / 897
457  / 897
458  / 897
459  / 897
460  / 897
461  / 897
462  / 897
463  / 897
464  / 897
465  / 897
466  / 897
467  / 897
468  / 897
469  / 897
470  / 897
471  / 897
472  / 897
473  / 897
474  / 897
475  / 897
476  / 897
477  / 897
478  / 897
479  / 897
480  / 897
481  / 897
482  / 897
483  / 897
484  / 897
485  / 897
486  / 897
487  / 897
488  / 897
489  / 897
490  / 897
491  / 897
492  / 897
493  / 897
494  / 897
495  / 897
496  / 897
497  / 897
498  / 897
499  / 897
500  / 897
501  / 897
502  / 897
503  / 897
504  / 897
505  / 897
506  / 897
507  / 897
508  / 897
509  / 897
510  / 897
511  / 897
512  / 897
513  / 897
514  / 897
515  / 897
516  / 897
517  / 897
518  / 897
519  / 897
520  / 897
521  / 897
522  / 897
523  / 897
524  / 897
525  / 897
526  / 897
527  / 897
528  / 897
529  / 897
530  / 897
531  / 897
532  / 897
533  / 897
534  / 897
535  / 897
536  / 897
537  / 897
538  / 897
539  / 897
540  / 897
541  / 897
542  / 897
543  / 897
544  / 897
545  / 897
546  / 897
547  / 897
548  / 897
549  / 897
550  / 897
551  / 897
552  / 897
553  / 897
554  / 897
555  / 897
556  / 897
557  / 897
558  / 897
559  / 897
560  / 897
561  / 897
562  / 897
563  / 897
564  / 897
565  / 897
566  / 897
567  / 897
568  / 897
569  / 897
570  / 897
571  / 897
572  / 897
573  / 897
574  / 897
575  / 897
576  / 897
577  / 897
578  / 897
579  / 897
580  / 897
581  / 897
582  / 897
583  / 897
584  / 897
585  / 897
586  / 897
587  / 897
588  / 897
589  / 897
590  / 897
591  / 897
592  / 897
593  / 897
594  / 897
595  / 897
596  / 897
597  / 897
598  / 897
599  / 897
600  / 897
601  / 897
602  / 897
603  / 897
604  / 897
605  / 897
606  / 897
607  / 897
608  / 897
609  / 897
610  / 897
611  / 897
612  / 897
613  / 897
614  / 897
615  / 897
616  / 897
617  / 897
618  / 897
619  / 897
620  / 897
621  / 897
622  / 897
623  / 897
624  / 897
625  / 897
626  / 897
627  / 897
628  / 897
629  / 897
630  / 897
631  / 897
632  / 897
633  / 897
634  / 897
635  / 897
636  / 897
637  / 897
638  / 897
639  / 897
640  / 897
641  / 897
642  / 897
643  / 897
644  / 897
645  / 897
646  / 897
647  / 897
648  / 897
649  / 897
650  / 897
651  / 897
652  / 897
653  / 897
654  / 897
655  / 897
656  / 897
657  / 897
658  / 897
659  / 897
660  / 897
661  / 897
662  / 897
663  / 897
664  / 897
665  / 897
666  / 897
667  / 897
668  / 897
669  / 897
670  / 897
671  / 897
672  / 897
673  / 897
674  / 897
675  / 897
676  / 897
677  / 897
678  / 897
679  / 897
680  / 897
681  / 897
682  / 897
683  / 897
684  / 897
685  / 897
686  / 897
687  / 897
688  / 897
689  / 897
690  / 897
691  / 897
692  / 897
693  / 897
694  / 897
695  / 897
696  / 897
697  / 897
698  / 897
699  / 897
700  / 897
701  / 897
702  / 897
703  / 897
704  / 897
705  / 897
706  / 897
707  / 897
708  / 897
709  / 897
710  / 897
711  / 897
712  / 897
713  / 897
714  / 897
715  / 897
716  / 897
717  / 897
718  / 897
719  / 897
720  / 897
721  / 897
722  / 897
723  / 897
724  / 897
725  / 897
726  / 897
727  / 897
728  / 897
729  / 897
730  / 897
731  / 897
732  / 897
733  / 897
734  / 897
735  / 897
736  / 897
737  / 897
738  / 897
739  / 897
740  / 897
741  / 897
742  / 897
743  / 897
744  / 897
745  / 897
746  / 897
747  / 897
748  / 897
749  / 897
750  / 897
751  / 897
752  / 897
753  / 897
754  / 897
755  / 897
756  / 897
757  / 897
758  / 897
759  / 897
760  / 897
761  / 897
762  / 897
763  / 897
764  / 897
765  / 897
766  / 897
767  / 897
768  / 897
769  / 897
770  / 897
771  / 897
772  / 897
773  / 897
774  / 897
775  / 897
776  / 897
777  / 897
778  / 897
779  / 897
780  / 897
781  / 897
782  / 897
783  / 897
784  / 897
785  / 897
786  / 897
787  / 897
788  / 897
789  / 897
790  / 897
791  / 897
792  / 897
793  / 897
794  / 897
795  / 897
796  / 897
797  / 897
798  / 897
799  / 897
800  / 897
801  / 897
802  / 897
803  / 897
804  / 897
805  / 897
806  / 897
807  / 897
808  / 897
809  / 897
810  / 897
811  / 897
812  / 897
813  / 897
814  / 897
815  / 897
816  / 897
817  / 897
818  / 897
819  / 897
820  / 897
821  / 897
822  / 897
823  / 897
824  / 897
825  / 897
826  / 897
827  / 897
828  / 897
829  / 897
830  / 897
831  / 897
832  / 897
833  / 897
834  / 897
835  / 897
836  / 897
837  / 897
838  / 897
839  / 897
840  / 897
841  / 897
842  / 897
843  / 897
844  / 897
845  / 897
846  / 897
847  / 897
848  / 897
849  / 897
850  / 897
851  / 897
852  / 897
853  / 897
854  / 897
855  / 897
856  / 897
857  / 897
858  / 897
859  / 897
860  / 897
861  / 897
862  / 897
863  / 897
864  / 897
865  / 897
866  / 897
867  / 897
868  / 897
869  / 897
870  / 897
871  / 897
872  / 897
873  / 897
874  / 897
875  / 897
876  / 897
877  / 897
878  / 897
879  / 897
880  / 897
881  / 897
882  / 897
883  / 897
884  / 897
885  / 897
886  / 897
887  / 897
888  / 897
889  / 897
890  / 897
891  / 897
892  / 897
893  / 897
894  / 897
895  / 897
896  / 897
No missing files
RUNNING  configs_V07-06-06/condor_V07-06-06_DYJetsToLL_M-50_amcNLO_v1.cmd
208
argument list is:  arguments=merged_ntuple_1 /hadoop/cms/store/group/snt/run2_25ns_76MiniAODv2/V/DYJetsToLL_M-50_TuneCUETP8M1_13TeV-amcatnloFXFX-pythia8/v1/CMS3_V07-06-03//merged_ntuple_1.root /hadoop/cms/store/user/bhashemi/dilepbabies/V07-06-06_DYJetsToLL_M-50_amcNLO_v1
output path is:  /hadoop/cms/store/user/bhashemi/dilepbabies/V07-06-06_DYJetsToLL_M-50_amcNLO_v1
0  / 208
1  / 208
2  / 208
3  / 208
4  / 208
5  / 208
6  / 208
7  / 208
8  / 208
9  / 208
10  / 208
11  / 208
12  / 208
13  / 208
14  / 208
15  / 208
16  / 208
17  / 208
18  / 208
19  / 208
20  / 208
21  / 208
22  / 208
23  / 208
24  / 208
25  / 208
26  / 208
27  / 208
28  / 208
29  / 208
30  / 208
31  / 208
32  / 208
33  / 208
34  / 208
35  / 208
36  / 208
37  / 208
38  / 208
39  / 208
40  / 208
41  / 208
42  / 208
43  / 208
44  / 208
45  / 208
46  / 208
47  / 208
48  / 208
49  / 208
50  / 208
51  / 208
52  / 208
53  / 208
54  / 208
55  / 208
56  / 208
57  / 208
58  / 208
59  / 208
60  / 208
61  / 208
62  / 208
63  / 208
64  / 208
65  / 208
66  / 208
67  / 208
68  / 208
69  / 208
70  / 208
71  / 208
72  / 208
73  / 208
74  / 208
75  / 208
missing file
76  / 208
77  / 208
78  / 208
79  / 208
80  / 208
81  / 208
82  / 208
83  / 208
84  / 208
85  / 208
86  / 208
87  / 208
88  / 208
89  / 208
90  / 208
91  / 208
92  / 208
93  / 208
94  / 208
95  / 208
96  / 208
97  / 208
98  / 208
99  / 208
100  / 208
101  / 208
102  / 208
103  / 208
104  / 208
105  / 208
106  / 208
107  / 208
108  / 208
109  / 208
110  / 208
111  / 208
112  / 208
113  / 208
114  / 208
115  / 208
116  / 208
117  / 208
118  / 208
119  / 208
120  / 208
121  / 208
122  / 208
123  / 208
124  / 208
125  / 208
126  / 208
127  / 208
128  / 208
129  / 208
130  / 208
131  / 208
132  / 208
133  / 208
134  / 208
135  / 208
136  / 208
137  / 208
138  / 208
139  / 208
140  / 208
141  / 208
142  / 208
143  / 208
144  / 208
145  / 208
146  / 208
147  / 208
148  / 208
149  / 208
150  / 208
151  / 208
152  / 208
153  / 208
154  / 208
155  / 208
156  / 208
157  / 208
158  / 208
159  / 208
160  / 208
161  / 208
162  / 208
163  / 208
164  / 208
165  / 208
166  / 208
167  / 208
168  / 208
169  / 208
170  / 208
171  / 208
172  / 208
173  / 208
174  / 208
175  / 208
176  / 208
177  / 208
178  / 208
179  / 208
180  / 208
181  / 208
182  / 208
183  / 208
184  / 208
185  / 208
186  / 208
187  / 208
188  / 208
189  / 208
190  / 208
191  / 208
192  / 208
193  / 208
194  / 208
195  / 208
196  / 208
197  / 208
198  / 208
199  / 208
200  / 208
201  / 208
202  / 208
203  / 208
204  / 208
205  / 208
206  / 208
207  / 208
Missing 1 / 208 files
creating resumit list: configs_V07-06-06/condor_V07-06-06_DYJetsToLL_M-50_amcNLO_v1_resubmit.cmd
RUNNING  configs_V07-06-06/condor_V07-06-06_DYJetsToLL_M-50_amcNLO_v1_resubmit.cmd
1
argument list is:  arguments=merged_ntuple_167 /hadoop/cms/store/group/snt/run2_25ns_76MiniAODv2/V/DYJetsToLL_M-50_TuneCUETP8M1_13TeV-amcatnloFXFX-pythia8/v1/CMS3_V07-06-03//merged_ntuple_167.root /hadoop/cms/store/user/bhashemi/dilepbabies/V07-06-06_DYJetsToLL_M-50_amcNLO_v1
output path is:  /hadoop/cms/store/user/bhashemi/dilepbabies/V07-06-06_DYJetsToLL_M-50_amcNLO_v1
0  / 1
missing file
Missing 1 / 1 files
creating resumit list: configs_V07-06-06/condor_V07-06-06_DYJetsToLL_M-50_amcNLO_v1_resubmit_resubmit.cmd
RUNNING  configs_V07-06-06/condor_V07-06-06_DYJetsToLL_M-50_madgraph.cmd
55
argument list is:  arguments=merged_ntuple_1 /hadoop/cms/store/group/snt/run2_25ns_76MiniAODv2/DYJetsToLL_M-50_TuneCUETP8M1_13TeV-madgraphMLM-pythia8_RunIIFall15MiniAODv2-PU25nsData2015v1_76X_mcRun2_asymptotic_v12-v1/V07-06-03_MC/merged_ntuple_1.root /hadoop/cms/store/user/bhashemi/dilepbabies/V07-06-06_DYJetsToLL_M-50_madgraph
output path is:  /hadoop/cms/store/user/bhashemi/dilepbabies/V07-06-06_DYJetsToLL_M-50_madgraph
0  / 55
1  / 55
2  / 55
3  / 55
4  / 55
5  / 55
6  / 55
7  / 55
8  / 55
9  / 55
10  / 55
11  / 55
12  / 55
13  / 55
14  / 55
15  / 55
16  / 55
17  / 55
18  / 55
19  / 55
20  / 55
21  / 55
22  / 55
23  / 55
24  / 55
25  / 55
26  / 55
27  / 55
28  / 55
29  / 55
30  / 55
31  / 55
32  / 55
33  / 55
34  / 55
35  / 55
36  / 55
37  / 55
38  / 55
39  / 55
40  / 55
41  / 55
42  / 55
43  / 55
44  / 55
45  / 55
46  / 55
47  / 55
48  / 55
49  / 55
50  / 55
51  / 55
52  / 55
53  / 55
54  / 55
No missing files
RUNNING  configs_V07-06-06/condor_V07-06-06_ST_tW_antitop_5f_inclusiveDecays_13TeV.cmd
8
argument list is:  arguments=merged_ntuple_1 /hadoop/cms/store/group/snt/run2_25ns_76MiniAODv2/ST_tW_antitop_5f_inclusiveDecays_13TeV-powheg-pythia8_TuneCUETP8M1_RunIIFall15MiniAODv2-PU25nsData2015v1_76X_mcRun2_asymptotic_v12-v1/V07-06-03_MC//merged_ntuple_1.root /hadoop/cms/store/user/bhashemi/dilepbabies/V07-06-06_ST_tW_antitop_5f_inclusiveDecays_13TeV
output path is:  /hadoop/cms/store/user/bhashemi/dilepbabies/V07-06-06_ST_tW_antitop_5f_inclusiveDecays_13TeV
0  / 8
1  / 8
2  / 8
3  / 8
4  / 8
5  / 8
6  / 8
7  / 8
No missing files
RUNNING  configs_V07-06-06/condor_V07-06-06_ST_tW_top_5f_inclusiveDecays_13TeV.cmd
8
argument list is:  arguments=merged_ntuple_1 /hadoop/cms/store/group/snt/run2_25ns_76MiniAODv2/ST_tW_top_5f_inclusiveDecays_13TeV-powheg-pythia8_TuneCUETP8M1_RunIIFall15MiniAODv2-PU25nsData2015v1_76X_mcRun2_asymptotic_v12-v1/V07-06-03_MC//merged_ntuple_1.root /hadoop/cms/store/user/bhashemi/dilepbabies/V07-06-06_ST_tW_top_5f_inclusiveDecays_13TeV
output path is:  /hadoop/cms/store/user/bhashemi/dilepbabies/V07-06-06_ST_tW_top_5f_inclusiveDecays_13TeV
0  / 8
1  / 8
missing file
2  / 8
3  / 8
4  / 8
5  / 8
6  / 8
missing file
7  / 8
Missing 2 / 8 files
creating resumit list: configs_V07-06-06/condor_V07-06-06_ST_tW_top_5f_inclusiveDecays_13TeV_resubmit.cmd
RUNNING  configs_V07-06-06/condor_V07-06-06_ST_tW_top_5f_inclusiveDecays_13TeV_resubmit.cmd
2
argument list is:  arguments=merged_ntuple_2 /hadoop/cms/store/group/snt/run2_25ns_76MiniAODv2/ST_tW_top_5f_inclusiveDecays_13TeV-powheg-pythia8_TuneCUETP8M1_RunIIFall15MiniAODv2-PU25nsData2015v1_76X_mcRun2_asymptotic_v12-v1/V07-06-03_MC//merged_ntuple_2.root /hadoop/cms/store/user/bhashemi/dilepbabies/V07-06-06_ST_tW_top_5f_inclusiveDecays_13TeV
output path is:  /hadoop/cms/store/user/bhashemi/dilepbabies/V07-06-06_ST_tW_top_5f_inclusiveDecays_13TeV
0  / 2
missing file
1  / 2
missing file
Missing 2 / 2 files
creating resumit list: configs_V07-06-06/condor_V07-06-06_ST_tW_top_5f_inclusiveDecays_13TeV_resubmit_resubmit.cmd
RUNNING  configs_V07-06-06/condor_V07-06-06_TTGJets_TuneCUETP8M1_13TeV-amcatnloFXFX-madspin-pythia8.cmd
56
argument list is:  arguments=merged_ntuple_1 /hadoop/cms/store/group/snt/run2_25ns_76MiniAODv2/TTV/TTGJets_TuneCUETP8M1_13TeV-amcatnloFXFX-madspin-pythia8/CMS3_V07-06-03//merged_ntuple_1.root /hadoop/cms/store/user/bhashemi/dilepbabies/V07-06-06_TTGJets_TuneCUETP8M1_13TeV-amcatnloFXFX-madspin-pythia8
output path is:  /hadoop/cms/store/user/bhashemi/dilepbabies/V07-06-06_TTGJets_TuneCUETP8M1_13TeV-amcatnloFXFX-madspin-pythia8
0  / 56
1  / 56
2  / 56
3  / 56
4  / 56
5  / 56
6  / 56
7  / 56
8  / 56
9  / 56
10  / 56
11  / 56
12  / 56
13  / 56
14  / 56
15  / 56
16  / 56
17  / 56
18  / 56
19  / 56
20  / 56
21  / 56
22  / 56
23  / 56
24  / 56
25  / 56
26  / 56
27  / 56
28  / 56
29  / 56
30  / 56
31  / 56
32  / 56
33  / 56
34  / 56
35  / 56
36  / 56
37  / 56
38  / 56
39  / 56
40  / 56
41  / 56
42  / 56
43  / 56
44  / 56
45  / 56
46  / 56
47  / 56
48  / 56
49  / 56
50  / 56
51  / 56
52  / 56
53  / 56
54  / 56
55  / 56
No missing files
RUNNING  configs_V07-06-06/condor_V07-06-06_TTWJetsToLNu_TuneCUETP8M1_13TeV-amcatnloFXFX-madspin-pythia8.cmd
3
argument list is:  arguments=merged_ntuple_1 /hadoop/cms/store/group/snt/run2_25ns_76MiniAODv2/TTV/TTWJetsToLNu_TuneCUETP8M1_13TeV-amcatnloFXFX-madspin-pythia8/CMS3_V07-06-03//merged_ntuple_1.root /hadoop/cms/store/user/bhashemi/dilepbabies/V07-06-06_TTWJetsToLNu_TuneCUETP8M1_13TeV-amcatnloFXFX-madspin-pythia8
output path is:  /hadoop/cms/store/user/bhashemi/dilepbabies/V07-06-06_TTWJetsToLNu_TuneCUETP8M1_13TeV-amcatnloFXFX-madspin-pythia8
0  / 3
1  / 3
2  / 3
No missing files
RUNNING  configs_V07-06-06/condor_V07-06-06_TTWJetsToQQ_TuneCUETP8M1_13TeV-amcatnloFXFX-madspin-pythia8.cmd
10
argument list is:  arguments=merged_ntuple_1 /hadoop/cms/store/group/snt/run2_25ns_76MiniAODv2/TTV/TTWJetsToQQ_TuneCUETP8M1_13TeV-amcatnloFXFX-madspin-pythia8/CMS3_V07-06-03//merged_ntuple_1.root /hadoop/cms/store/user/bhashemi/dilepbabies/V07-06-06_TTWJetsToQQ_TuneCUETP8M1_13TeV-amcatnloFXFX-madspin-pythia8
output path is:  /hadoop/cms/store/user/bhashemi/dilepbabies/V07-06-06_TTWJetsToQQ_TuneCUETP8M1_13TeV-amcatnloFXFX-madspin-pythia8
0  / 10
1  / 10
2  / 10
3  / 10
4  / 10
5  / 10
6  / 10
7  / 10
8  / 10
9  / 10
No missing files
RUNNING  configs_V07-06-06/condor_V07-06-06_TTZToLLNuNu_M-10_TuneCUETP8M1_13TeV-amcatnlo-pythia8.cmd
5
argument list is:  arguments=merged_ntuple_1 /hadoop/cms/store/group/snt/run2_25ns_76MiniAODv2/TTV/TTZToLLNuNu_M-10_TuneCUETP8M1_13TeV-amcatnlo-pythia8/CMS3_V07-06-03//merged_ntuple_1.root /hadoop/cms/store/user/bhashemi/dilepbabies/V07-06-06_TTZToLLNuNu_M-10_TuneCUETP8M1_13TeV-amcatnlo-pythia8
output path is:  /hadoop/cms/store/user/bhashemi/dilepbabies/V07-06-06_TTZToLLNuNu_M-10_TuneCUETP8M1_13TeV-amcatnlo-pythia8
0  / 5
1  / 5
2  / 5
3  / 5
4  / 5
No missing files
RUNNING  configs_V07-06-06/condor_V07-06-06_TTZToQQ_TuneCUETP8M1_13TeV-amcatnlo-pythia8.cmd
9
argument list is:  arguments=merged_ntuple_1 /hadoop/cms/store/group/snt/run2_25ns_76MiniAODv2/TTV/TTZToQQ_TuneCUETP8M1_13TeV-amcatnlo-pythia8/CMS3_V07-06-03//merged_ntuple_1.root /hadoop/cms/store/user/bhashemi/dilepbabies/V07-06-06_TTZToQQ_TuneCUETP8M1_13TeV-amcatnlo-pythia8
output path is:  /hadoop/cms/store/user/bhashemi/dilepbabies/V07-06-06_TTZToQQ_TuneCUETP8M1_13TeV-amcatnlo-pythia8
0  / 9
1  / 9
2  / 9
3  / 9
4  / 9
5  / 9
6  / 9
7  / 9
8  / 9
No missing files
RUNNING  configs_V07-06-06/condor_V07-06-06_WWG_TuneCUETP8M1_13TeV-amcatnlo-pythia8.cmd
9
argument list is:  arguments=merged_ntuple_1 /hadoop/cms/store/group/snt/run2_25ns_76MiniAODv2/VVV/WWG_TuneCUETP8M1_13TeV-amcatnlo-pythia8/CMS3_V07-06-03//merged_ntuple_1.root /hadoop/cms/store/user/bhashemi/dilepbabies/V07-06-06_WWG_TuneCUETP8M1_13TeV-amcatnlo-pythia8
output path is:  /hadoop/cms/store/user/bhashemi/dilepbabies/V07-06-06_WWG_TuneCUETP8M1_13TeV-amcatnlo-pythia8
0  / 9
1  / 9
2  / 9
3  / 9
4  / 9
5  / 9
6  / 9
7  / 9
8  / 9
No missing files
RUNNING  configs_V07-06-06/condor_V07-06-06_WWTo2L2Nu_13TeV-powheg.cmd
15
argument list is:  arguments=merged_ntuple_1 /hadoop/cms/store/group/snt/run2_25ns_76MiniAODv2/VV/WWTo2L2Nu_13TeV-powheg/CMS3_V07-06-03//merged_ntuple_1.root /hadoop/cms/store/user/bhashemi/dilepbabies/V07-06-06_WWTo2L2Nu_13TeV-powheg
output path is:  /hadoop/cms/store/user/bhashemi/dilepbabies/V07-06-06_WWTo2L2Nu_13TeV-powheg
0  / 15
1  / 15
2  / 15
3  / 15
4  / 15
5  / 15
6  / 15
7  / 15
8  / 15
9  / 15
10  / 15
11  / 15
12  / 15
13  / 15
14  / 15
No missing files
RUNNING  configs_V07-06-06/condor_V07-06-06_WWW_4F_TuneCUETP8M1_13TeV-amcatnlo-pythia8.cmd
2
argument list is:  arguments=merged_ntuple_1 /hadoop/cms/store/group/snt/run2_25ns_76MiniAODv2/VVV/WWW_4F_TuneCUETP8M1_13TeV-amcatnlo-pythia8/CMS3_V07-06-03//merged_ntuple_1.root /hadoop/cms/store/user/bhashemi/dilepbabies/V07-06-06_WWW_4F_TuneCUETP8M1_13TeV-amcatnlo-pythia8
output path is:  /hadoop/cms/store/user/bhashemi/dilepbabies/V07-06-06_WWW_4F_TuneCUETP8M1_13TeV-amcatnlo-pythia8
0  / 2
1  / 2
No missing files
RUNNING  configs_V07-06-06/condor_V07-06-06_WZTo3LNu_TuneCUETP8M1_13TeV-powheg-pythia8.cmd
16
argument list is:  arguments=merged_ntuple_1 /hadoop/cms/store/group/snt/run2_25ns_76MiniAODv2/VV/WZTo3LNu_TuneCUETP8M1_13TeV-powheg-pythia8/CMS3_V07-06-03//merged_ntuple_1.root /hadoop/cms/store/user/bhashemi/dilepbabies/V07-06-06_WZTo3LNu_TuneCUETP8M1_13TeV-powheg-pythia8
output path is:  /hadoop/cms/store/user/bhashemi/dilepbabies/V07-06-06_WZTo3LNu_TuneCUETP8M1_13TeV-powheg-pythia8
0  / 16
1  / 16
2  / 16
3  / 16
4  / 16
5  / 16
6  / 16
7  / 16
8  / 16
9  / 16
missing file
10  / 16
11  / 16
12  / 16
13  / 16
14  / 16
15  / 16
Missing 1 / 16 files
creating resumit list: configs_V07-06-06/condor_V07-06-06_WZTo3LNu_TuneCUETP8M1_13TeV-powheg-pythia8_resubmit.cmd
RUNNING  configs_V07-06-06/condor_V07-06-06_WZTo3LNu_TuneCUETP8M1_13TeV-powheg-pythia8_resubmit.cmd
1
argument list is:  arguments=merged_ntuple_3 /hadoop/cms/store/group/snt/run2_25ns_76MiniAODv2/VV/WZTo3LNu_TuneCUETP8M1_13TeV-powheg-pythia8/CMS3_V07-06-03//merged_ntuple_3.root /hadoop/cms/store/user/bhashemi/dilepbabies/V07-06-06_WZTo3LNu_TuneCUETP8M1_13TeV-powheg-pythia8
output path is:  /hadoop/cms/store/user/bhashemi/dilepbabies/V07-06-06_WZTo3LNu_TuneCUETP8M1_13TeV-powheg-pythia8
0  / 1
missing file
Missing 1 / 1 files
creating resumit list: configs_V07-06-06/condor_V07-06-06_WZTo3LNu_TuneCUETP8M1_13TeV-powheg-pythia8_resubmit_resubmit.cmd
RUNNING  configs_V07-06-06/condor_V07-06-06_WZZ_TuneCUETP8M1_13TeV-amcatnlo-pythia8.cmd
3
argument list is:  arguments=merged_ntuple_1 /hadoop/cms/store/group/snt/run2_25ns_76MiniAODv2/VVV/WZZ_TuneCUETP8M1_13TeV-amcatnlo-pythia8/CMS3_V07-06-03//merged_ntuple_1.root /hadoop/cms/store/user/bhashemi/dilepbabies/V07-06-06_WZZ_TuneCUETP8M1_13TeV-amcatnlo-pythia8
output path is:  /hadoop/cms/store/user/bhashemi/dilepbabies/V07-06-06_WZZ_TuneCUETP8M1_13TeV-amcatnlo-pythia8
0  / 3
1  / 3
2  / 3
No missing files
RUNNING  configs_V07-06-06/condor_V07-06-06_ZZTo2L2Nu_13TeV_powheg_pythia8.cmd
68
argument list is:  arguments=merged_ntuple_1 /hadoop/cms/store/group/snt/run2_25ns_76MiniAODv2/VV/ZZTo2L2Nu_13TeV_powheg_pythia8/CMS3_V07-06-03//merged_ntuple_1.root /hadoop/cms/store/user/bhashemi/dilepbabies/V07-06-06_ZZTo2L2Nu_13TeV_powheg_pythia8
output path is:  /hadoop/cms/store/user/bhashemi/dilepbabies/V07-06-06_ZZTo2L2Nu_13TeV_powheg_pythia8
0  / 68
1  / 68
2  / 68
3  / 68
4  / 68
5  / 68
6  / 68
7  / 68
8  / 68
9  / 68
10  / 68
11  / 68
12  / 68
13  / 68
14  / 68
15  / 68
16  / 68
17  / 68
18  / 68
19  / 68
20  / 68
21  / 68
22  / 68
23  / 68
24  / 68
25  / 68
26  / 68
27  / 68
28  / 68
29  / 68
30  / 68
31  / 68
32  / 68
33  / 68
34  / 68
35  / 68
36  / 68
37  / 68
38  / 68
39  / 68
40  / 68
41  / 68
42  / 68
43  / 68
44  / 68
45  / 68
46  / 68
47  / 68
48  / 68
49  / 68
50  / 68
51  / 68
52  / 68
53  / 68
54  / 68
55  / 68
56  / 68
57  / 68
58  / 68
59  / 68
60  / 68
61  / 68
62  / 68
63  / 68
64  / 68
65  / 68
66  / 68
67  / 68
No missing files
RUNNING  configs_V07-06-06/condor_V07-06-06_ZZTo2L2Q_13TeV_amcatnloFXFX_madspin_pythia8.cmd
131
argument list is:  arguments=merged_ntuple_1 /hadoop/cms/store/group/snt/run2_25ns_76MiniAODv2/VV/ZZTo2L2Q_13TeV_amcatnloFXFX_madspin_pythia8/CMS3_V07-06-03//merged_ntuple_1.root /hadoop/cms/store/user/bhashemi/dilepbabies/V07-06-06_ZZTo2L2Q_13TeV_amcatnloFXFX_madspin_pythia8
output path is:  /hadoop/cms/store/user/bhashemi/dilepbabies/V07-06-06_ZZTo2L2Q_13TeV_amcatnloFXFX_madspin_pythia8
0  / 131
1  / 131
2  / 131
3  / 131
4  / 131
5  / 131
6  / 131
7  / 131
8  / 131
9  / 131
10  / 131
11  / 131
12  / 131
13  / 131
14  / 131
15  / 131
missing file
16  / 131
17  / 131
18  / 131
19  / 131
20  / 131
21  / 131
22  / 131
23  / 131
24  / 131
missing file
25  / 131
missing file
26  / 131
missing file
27  / 131
28  / 131
29  / 131
30  / 131
31  / 131
32  / 131
33  / 131
34  / 131
35  / 131
36  / 131
37  / 131
38  / 131
39  / 131
40  / 131
41  / 131
42  / 131
43  / 131
44  / 131
45  / 131
46  / 131
47  / 131
48  / 131
49  / 131
50  / 131
51  / 131
52  / 131
53  / 131
54  / 131
55  / 131
56  / 131
57  / 131
58  / 131
59  / 131
60  / 131
61  / 131
62  / 131
63  / 131
64  / 131
65  / 131
66  / 131
67  / 131
68  / 131
69  / 131
70  / 131
71  / 131
72  / 131
73  / 131
74  / 131
75  / 131
76  / 131
77  / 131
78  / 131
79  / 131
80  / 131
81  / 131
82  / 131
83  / 131
84  / 131
85  / 131
86  / 131
87  / 131
88  / 131
89  / 131
90  / 131
91  / 131
92  / 131
93  / 131
94  / 131
95  / 131
96  / 131
97  / 131
98  / 131
99  / 131
100  / 131
101  / 131
102  / 131
103  / 131
104  / 131
105  / 131
106  / 131
107  / 131
108  / 131
109  / 131
110  / 131
111  / 131
112  / 131
113  / 131
114  / 131
115  / 131
116  / 131
117  / 131
118  / 131
119  / 131
120  / 131
121  / 131
122  / 131
123  / 131
124  / 131
125  / 131
126  / 131
127  / 131
128  / 131
129  / 131
130  / 131
missing file
Missing 5 / 131 files
creating resumit list: configs_V07-06-06/condor_V07-06-06_ZZTo2L2Q_13TeV_amcatnloFXFX_madspin_pythia8_resubmit.cmd
RUNNING  configs_V07-06-06/condor_V07-06-06_ZZTo2L2Q_13TeV_amcatnloFXFX_madspin_pythia8_resubmit.cmd
5
argument list is:  arguments=merged_ntuple_112 /hadoop/cms/store/group/snt/run2_25ns_76MiniAODv2/VV/ZZTo2L2Q_13TeV_amcatnloFXFX_madspin_pythia8/CMS3_V07-06-03//merged_ntuple_112.root /hadoop/cms/store/user/bhashemi/dilepbabies/V07-06-06_ZZTo2L2Q_13TeV_amcatnloFXFX_madspin_pythia8
output path is:  /hadoop/cms/store/user/bhashemi/dilepbabies/V07-06-06_ZZTo2L2Q_13TeV_amcatnloFXFX_madspin_pythia8
0  / 5
missing file
1  / 5
missing file
2  / 5
missing file
3  / 5
missing file
4  / 5
missing file
Missing 5 / 5 files
creating resumit list: configs_V07-06-06/condor_V07-06-06_ZZTo2L2Q_13TeV_amcatnloFXFX_madspin_pythia8_resubmit_resubmit.cmd
RUNNING  configs_V07-06-06/condor_V07-06-06_ZZTo4L_13TeV_powheg_pythia8.cmd
51
argument list is:  arguments=merged_ntuple_1 /hadoop/cms/store/group/snt/run2_25ns_76MiniAODv2/VV/ZZTo4L_13TeV_powheg_pythia8/CMS3_V07-06-03//merged_ntuple_1.root /hadoop/cms/store/user/bhashemi/dilepbabies/V07-06-06_ZZTo4L_13TeV_powheg_pythia8
output path is:  /hadoop/cms/store/user/bhashemi/dilepbabies/V07-06-06_ZZTo4L_13TeV_powheg_pythia8
0  / 51
1  / 51
2  / 51
3  / 51
4  / 51
5  / 51
6  / 51
7  / 51
8  / 51
9  / 51
10  / 51
11  / 51
12  / 51
13  / 51
14  / 51
15  / 51
16  / 51
17  / 51
18  / 51
19  / 51
20  / 51
21  / 51
22  / 51
23  / 51
24  / 51
25  / 51
26  / 51
27  / 51
28  / 51
29  / 51
30  / 51
31  / 51
32  / 51
33  / 51
34  / 51
35  / 51
36  / 51
37  / 51
38  / 51
39  / 51
40  / 51
41  / 51
42  / 51
43  / 51
44  / 51
45  / 51
46  / 51
47  / 51
missing file
48  / 51
missing file
49  / 51
50  / 51
Missing 2 / 51 files
creating resumit list: configs_V07-06-06/condor_V07-06-06_ZZTo4L_13TeV_powheg_pythia8_resubmit.cmd
RUNNING  configs_V07-06-06/condor_V07-06-06_ZZTo4L_13TeV_powheg_pythia8_resubmit.cmd
2
argument list is:  arguments=merged_ntuple_6 /hadoop/cms/store/group/snt/run2_25ns_76MiniAODv2/VV/ZZTo4L_13TeV_powheg_pythia8/CMS3_V07-06-03//merged_ntuple_6.root /hadoop/cms/store/user/bhashemi/dilepbabies/V07-06-06_ZZTo4L_13TeV_powheg_pythia8
output path is:  /hadoop/cms/store/user/bhashemi/dilepbabies/V07-06-06_ZZTo4L_13TeV_powheg_pythia8
0  / 2
missing file
1  / 2
missing file
Missing 2 / 2 files
creating resumit list: configs_V07-06-06/condor_V07-06-06_ZZTo4L_13TeV_powheg_pythia8_resubmit_resubmit.cmd
RUNNING  configs_V07-06-06/condor_V07-06-06_ttHJetToNonbb_M125_13TeV.cmd
32
argument list is:  arguments=merged_ntuple_1 /hadoop/cms/store/group/snt/run2_25ns_76MiniAODv2/ttHJetToNonbb_M125_13TeV_amcatnloFXFX_madspin_pythia8_mWCutfix_RunIIFall15MiniAODv2-PU25nsData2015v1_76X_mcRun2_asymptotic_v12-v1/V07-06-03_MC//merged_ntuple_1.root /hadoop/cms/store/user/bhashemi/dilepbabies/V07-06-06_ttHJetToNonbb_M125_13TeV
output path is:  /hadoop/cms/store/user/bhashemi/dilepbabies/V07-06-06_ttHJetToNonbb_M125_13TeV
0  / 32
1  / 32
2  / 32
3  / 32
4  / 32
5  / 32
6  / 32
7  / 32
8  / 32
9  / 32
10  / 32
11  / 32
12  / 32
13  / 32
14  / 32
15  / 32
16  / 32
17  / 32
18  / 32
19  / 32
20  / 32
21  / 32
22  / 32
23  / 32
24  / 32
25  / 32
26  / 32
27  / 32
28  / 32
29  / 32
30  / 32
31  / 32
No missing files
RUNNING  configs_V07-06-06/condor_V07-06-06_ttHJetToNonbb_M125_13TeV_resubmit.cmd
2
argument list is:  arguments=merged_ntuple_1 /hadoop/cms/store/group/snt/run2_25ns_76MiniAODv2/ttHJetToNonbb_M125_13TeV_amcatnloFXFX_madspin_pythia8_mWCutfix_RunIIFall15MiniAODv2-PU25nsData2015v1_76X_mcRun2_asymptotic_v12-v1/V07-06-03_MC//merged_ntuple_1.root /hadoop/cms/store/user/bhashemi/dilepbabies/V07-06-06_ttHJetToNonbb_M125_13TeV
output path is:  /hadoop/cms/store/user/bhashemi/dilepbabies/V07-06-06_ttHJetToNonbb_M125_13TeV
0  / 2
1  / 2
No missing files
RUNNING  configs_V07-06-06/condor_V07-06-06_ttTo2L2Nu_powheg.cmd
1234
argument list is:  arguments=merged_ntuple_1 /hadoop/cms/store/group/snt/run2_25ns_76MiniAODv2/TT/TTTo2L2Nu_13TeV-powheg/ext-v1/CMS3_V07-06-03//merged_ntuple_1.root /hadoop/cms/store/user/bhashemi/dilepbabies/V07-06-06_ttTo2L2Nu_powheg
output path is:  /hadoop/cms/store/user/bhashemi/dilepbabies/V07-06-06_ttTo2L2Nu_powheg
0  / 1234
1  / 1234
2  / 1234
3  / 1234
4  / 1234
5  / 1234
6  / 1234
7  / 1234
8  / 1234
9  / 1234
10  / 1234
11  / 1234
12  / 1234
13  / 1234
14  / 1234
15  / 1234
16  / 1234
17  / 1234
18  / 1234
19  / 1234
20  / 1234
21  / 1234
22  / 1234
23  / 1234
24  / 1234
25  / 1234
26  / 1234
27  / 1234
28  / 1234
29  / 1234
30  / 1234
31  / 1234
32  / 1234
33  / 1234
34  / 1234
35  / 1234
36  / 1234
37  / 1234
38  / 1234
39  / 1234
40  / 1234
41  / 1234
42  / 1234
43  / 1234
44  / 1234
45  / 1234
46  / 1234
47  / 1234
48  / 1234
49  / 1234
50  / 1234
51  / 1234
52  / 1234
53  / 1234
54  / 1234
55  / 1234
56  / 1234
57  / 1234
58  / 1234
59  / 1234
60  / 1234
61  / 1234
62  / 1234
63  / 1234
64  / 1234
65  / 1234
66  / 1234
67  / 1234
68  / 1234
69  / 1234
70  / 1234
71  / 1234
72  / 1234
73  / 1234
74  / 1234
75  / 1234
76  / 1234
77  / 1234
78  / 1234
79  / 1234
80  / 1234
81  / 1234
82  / 1234
83  / 1234
84  / 1234
85  / 1234
86  / 1234
87  / 1234
88  / 1234
89  / 1234
90  / 1234
91  / 1234
92  / 1234
93  / 1234
94  / 1234
95  / 1234
96  / 1234
97  / 1234
98  / 1234
99  / 1234
100  / 1234
101  / 1234
102  / 1234
103  / 1234
104  / 1234
105  / 1234
106  / 1234
107  / 1234
108  / 1234
109  / 1234
110  / 1234
111  / 1234
112  / 1234
113  / 1234
114  / 1234
115  / 1234
116  / 1234
117  / 1234
118  / 1234
119  / 1234
120  / 1234
121  / 1234
122  / 1234
123  / 1234
124  / 1234
125  / 1234
126  / 1234
127  / 1234
128  / 1234
129  / 1234
130  / 1234
131  / 1234
132  / 1234
133  / 1234
134  / 1234
135  / 1234
136  / 1234
137  / 1234
138  / 1234
139  / 1234
140  / 1234
141  / 1234
142  / 1234
143  / 1234
144  / 1234
145  / 1234
146  / 1234
147  / 1234
148  / 1234
149  / 1234
150  / 1234
151  / 1234
152  / 1234
153  / 1234
154  / 1234
155  / 1234
156  / 1234
157  / 1234
158  / 1234
159  / 1234
160  / 1234
161  / 1234
162  / 1234
163  / 1234
164  / 1234
165  / 1234
166  / 1234
167  / 1234
168  / 1234
169  / 1234
170  / 1234
171  / 1234
172  / 1234
173  / 1234
174  / 1234
175  / 1234
176  / 1234
177  / 1234
178  / 1234
179  / 1234
180  / 1234
181  / 1234
182  / 1234
183  / 1234
184  / 1234
185  / 1234
186  / 1234
187  / 1234
188  / 1234
189  / 1234
190  / 1234
191  / 1234
192  / 1234
193  / 1234
194  / 1234
195  / 1234
196  / 1234
197  / 1234
198  / 1234
199  / 1234
200  / 1234
201  / 1234
202  / 1234
203  / 1234
204  / 1234
205  / 1234
206  / 1234
207  / 1234
208  / 1234
209  / 1234
210  / 1234
211  / 1234
212  / 1234
213  / 1234
214  / 1234
215  / 1234
216  / 1234
217  / 1234
218  / 1234
219  / 1234
220  / 1234
221  / 1234
222  / 1234
223  / 1234
224  / 1234
225  / 1234
226  / 1234
227  / 1234
228  / 1234
229  / 1234
230  / 1234
231  / 1234
232  / 1234
233  / 1234
234  / 1234
235  / 1234
236  / 1234
237  / 1234
238  / 1234
239  / 1234
240  / 1234
241  / 1234
242  / 1234
243  / 1234
244  / 1234
245  / 1234
246  / 1234
247  / 1234
248  / 1234
249  / 1234
250  / 1234
251  / 1234
252  / 1234
253  / 1234
254  / 1234
255  / 1234
256  / 1234
257  / 1234
258  / 1234
259  / 1234
260  / 1234
261  / 1234
262  / 1234
263  / 1234
264  / 1234
265  / 1234
266  / 1234
267  / 1234
268  / 1234
269  / 1234
270  / 1234
271  / 1234
272  / 1234
273  / 1234
274  / 1234
275  / 1234
276  / 1234
277  / 1234
278  / 1234
279  / 1234
280  / 1234
281  / 1234
282  / 1234
283  / 1234
284  / 1234
285  / 1234
286  / 1234
287  / 1234
288  / 1234
289  / 1234
290  / 1234
291  / 1234
292  / 1234
293  / 1234
294  / 1234
295  / 1234
296  / 1234
297  / 1234
298  / 1234
299  / 1234
300  / 1234
301  / 1234
302  / 1234
303  / 1234
304  / 1234
305  / 1234
306  / 1234
307  / 1234
308  / 1234
309  / 1234
310  / 1234
311  / 1234
312  / 1234
313  / 1234
314  / 1234
315  / 1234
316  / 1234
317  / 1234
318  / 1234
319  / 1234
320  / 1234
321  / 1234
322  / 1234
323  / 1234
324  / 1234
325  / 1234
326  / 1234
327  / 1234
328  / 1234
329  / 1234
330  / 1234
331  / 1234
332  / 1234
333  / 1234
334  / 1234
335  / 1234
336  / 1234
337  / 1234
338  / 1234
339  / 1234
340  / 1234
341  / 1234
342  / 1234
343  / 1234
344  / 1234
345  / 1234
346  / 1234
347  / 1234
348  / 1234
349  / 1234
350  / 1234
351  / 1234
352  / 1234
353  / 1234
354  / 1234
355  / 1234
356  / 1234
357  / 1234
358  / 1234
359  / 1234
360  / 1234
361  / 1234
362  / 1234
363  / 1234
364  / 1234
365  / 1234
366  / 1234
367  / 1234
368  / 1234
369  / 1234
370  / 1234
371  / 1234
372  / 1234
373  / 1234
374  / 1234
375  / 1234
376  / 1234
377  / 1234
378  / 1234
379  / 1234
380  / 1234
381  / 1234
382  / 1234
383  / 1234
384  / 1234
385  / 1234
386  / 1234
387  / 1234
388  / 1234
389  / 1234
390  / 1234
391  / 1234
392  / 1234
393  / 1234
394  / 1234
395  / 1234
396  / 1234
397  / 1234
398  / 1234
399  / 1234
400  / 1234
401  / 1234
402  / 1234
403  / 1234
404  / 1234
405  / 1234
406  / 1234
407  / 1234
408  / 1234
409  / 1234
410  / 1234
411  / 1234
412  / 1234
413  / 1234
414  / 1234
415  / 1234
416  / 1234
417  / 1234
418  / 1234
419  / 1234
420  / 1234
421  / 1234
422  / 1234
423  / 1234
424  / 1234
425  / 1234
426  / 1234
427  / 1234
428  / 1234
429  / 1234
430  / 1234
431  / 1234
432  / 1234
433  / 1234
434  / 1234
435  / 1234
436  / 1234
437  / 1234
438  / 1234
439  / 1234
440  / 1234
441  / 1234
442  / 1234
443  / 1234
444  / 1234
445  / 1234
446  / 1234
447  / 1234
448  / 1234
449  / 1234
450  / 1234
451  / 1234
452  / 1234
453  / 1234
454  / 1234
455  / 1234
456  / 1234
457  / 1234
458  / 1234
459  / 1234
460  / 1234
461  / 1234
462  / 1234
463  / 1234
464  / 1234
465  / 1234
466  / 1234
467  / 1234
468  / 1234
469  / 1234
470  / 1234
471  / 1234
472  / 1234
473  / 1234
474  / 1234
475  / 1234
476  / 1234
477  / 1234
478  / 1234
479  / 1234
480  / 1234
481  / 1234
482  / 1234
483  / 1234
484  / 1234
485  / 1234
486  / 1234
487  / 1234
488  / 1234
489  / 1234
490  / 1234
491  / 1234
492  / 1234
493  / 1234
494  / 1234
495  / 1234
496  / 1234
497  / 1234
498  / 1234
499  / 1234
500  / 1234
501  / 1234
502  / 1234
503  / 1234
504  / 1234
505  / 1234
506  / 1234
507  / 1234
508  / 1234
509  / 1234
510  / 1234
511  / 1234
512  / 1234
513  / 1234
514  / 1234
515  / 1234
516  / 1234
517  / 1234
518  / 1234
519  / 1234
520  / 1234
521  / 1234
522  / 1234
523  / 1234
524  / 1234
525  / 1234
526  / 1234
527  / 1234
528  / 1234
529  / 1234
530  / 1234
531  / 1234
532  / 1234
533  / 1234
534  / 1234
535  / 1234
536  / 1234
537  / 1234
538  / 1234
539  / 1234
540  / 1234
541  / 1234
542  / 1234
543  / 1234
544  / 1234
545  / 1234
546  / 1234
547  / 1234
548  / 1234
549  / 1234
550  / 1234
551  / 1234
552  / 1234
553  / 1234
554  / 1234
555  / 1234
556  / 1234
557  / 1234
558  / 1234
559  / 1234
560  / 1234
561  / 1234
562  / 1234
563  / 1234
564  / 1234
565  / 1234
566  / 1234
567  / 1234
568  / 1234
569  / 1234
570  / 1234
571  / 1234
572  / 1234
573  / 1234
574  / 1234
575  / 1234
576  / 1234
577  / 1234
578  / 1234
579  / 1234
580  / 1234
581  / 1234
582  / 1234
583  / 1234
584  / 1234
585  / 1234
586  / 1234
587  / 1234
588  / 1234
589  / 1234
590  / 1234
591  / 1234
592  / 1234
593  / 1234
594  / 1234
595  / 1234
596  / 1234
597  / 1234
598  / 1234
599  / 1234
600  / 1234
601  / 1234
602  / 1234
603  / 1234
604  / 1234
605  / 1234
606  / 1234
607  / 1234
608  / 1234
609  / 1234
610  / 1234
611  / 1234
612  / 1234
613  / 1234
614  / 1234
615  / 1234
616  / 1234
617  / 1234
618  / 1234
619  / 1234
620  / 1234
621  / 1234
622  / 1234
623  / 1234
624  / 1234
625  / 1234
626  / 1234
627  / 1234
628  / 1234
629  / 1234
630  / 1234
631  / 1234
632  / 1234
633  / 1234
634  / 1234
635  / 1234
636  / 1234
637  / 1234
638  / 1234
639  / 1234
640  / 1234
641  / 1234
642  / 1234
643  / 1234
644  / 1234
645  / 1234
646  / 1234
647  / 1234
648  / 1234
649  / 1234
650  / 1234
651  / 1234
652  / 1234
653  / 1234
654  / 1234
655  / 1234
656  / 1234
657  / 1234
658  / 1234
659  / 1234
660  / 1234
661  / 1234
662  / 1234
663  / 1234
664  / 1234
665  / 1234
666  / 1234
667  / 1234
668  / 1234
669  / 1234
670  / 1234
671  / 1234
672  / 1234
673  / 1234
674  / 1234
675  / 1234
676  / 1234
677  / 1234
678  / 1234
679  / 1234
680  / 1234
681  / 1234
682  / 1234
683  / 1234
684  / 1234
685  / 1234
686  / 1234
687  / 1234
688  / 1234
689  / 1234
690  / 1234
691  / 1234
692  / 1234
693  / 1234
694  / 1234
695  / 1234
696  / 1234
697  / 1234
698  / 1234
699  / 1234
700  / 1234
701  / 1234
702  / 1234
703  / 1234
704  / 1234
705  / 1234
706  / 1234
707  / 1234
708  / 1234
709  / 1234
710  / 1234
711  / 1234
712  / 1234
713  / 1234
714  / 1234
715  / 1234
716  / 1234
717  / 1234
718  / 1234
719  / 1234
720  / 1234
721  / 1234
722  / 1234
723  / 1234
724  / 1234
725  / 1234
726  / 1234
727  / 1234
728  / 1234
729  / 1234
730  / 1234
731  / 1234
732  / 1234
733  / 1234
734  / 1234
735  / 1234
736  / 1234
737  / 1234
738  / 1234
739  / 1234
740  / 1234
741  / 1234
742  / 1234
743  / 1234
744  / 1234
745  / 1234
746  / 1234
747  / 1234
748  / 1234
749  / 1234
750  / 1234
751  / 1234
752  / 1234
753  / 1234
754  / 1234
755  / 1234
756  / 1234
757  / 1234
758  / 1234
759  / 1234
760  / 1234
761  / 1234
762  / 1234
763  / 1234
764  / 1234
765  / 1234
766  / 1234
767  / 1234
768  / 1234
769  / 1234
770  / 1234
771  / 1234
772  / 1234
773  / 1234
774  / 1234
775  / 1234
776  / 1234
777  / 1234
778  / 1234
779  / 1234
780  / 1234
781  / 1234
782  / 1234
783  / 1234
784  / 1234
785  / 1234
786  / 1234
787  / 1234
788  / 1234
789  / 1234
790  / 1234
791  / 1234
792  / 1234
793  / 1234
794  / 1234
795  / 1234
796  / 1234
797  / 1234
798  / 1234
799  / 1234
800  / 1234
801  / 1234
802  / 1234
803  / 1234
804  / 1234
805  / 1234
806  / 1234
807  / 1234
808  / 1234
809  / 1234
810  / 1234
811  / 1234
812  / 1234
813  / 1234
814  / 1234
815  / 1234
816  / 1234
817  / 1234
818  / 1234
819  / 1234
820  / 1234
821  / 1234
822  / 1234
823  / 1234
824  / 1234
825  / 1234
826  / 1234
827  / 1234
828  / 1234
829  / 1234
830  / 1234
831  / 1234
832  / 1234
833  / 1234
834  / 1234
835  / 1234
836  / 1234
837  / 1234
838  / 1234
839  / 1234
840  / 1234
841  / 1234
842  / 1234
843  / 1234
844  / 1234
845  / 1234
846  / 1234
847  / 1234
848  / 1234
849  / 1234
850  / 1234
851  / 1234
852  / 1234
853  / 1234
854  / 1234
855  / 1234
856  / 1234
857  / 1234
858  / 1234
859  / 1234
860  / 1234
861  / 1234
862  / 1234
863  / 1234
864  / 1234
865  / 1234
866  / 1234
867  / 1234
868  / 1234
869  / 1234
870  / 1234
871  / 1234
872  / 1234
873  / 1234
874  / 1234
875  / 1234
876  / 1234
877  / 1234
878  / 1234
879  / 1234
880  / 1234
881  / 1234
882  / 1234
883  / 1234
884  / 1234
885  / 1234
886  / 1234
887  / 1234
888  / 1234
889  / 1234
890  / 1234
891  / 1234
892  / 1234
893  / 1234
894  / 1234
895  / 1234
896  / 1234
897  / 1234
898  / 1234
899  / 1234
900  / 1234
901  / 1234
902  / 1234
903  / 1234
904  / 1234
905  / 1234
906  / 1234
907  / 1234
908  / 1234
909  / 1234
910  / 1234
911  / 1234
912  / 1234
913  / 1234
914  / 1234
915  / 1234
916  / 1234
917  / 1234
918  / 1234
919  / 1234
920  / 1234
921  / 1234
922  / 1234
923  / 1234
924  / 1234
925  / 1234
926  / 1234
927  / 1234
928  / 1234
929  / 1234
930  / 1234
931  / 1234
932  / 1234
933  / 1234
934  / 1234
935  / 1234
936  / 1234
937  / 1234
938  / 1234
939  / 1234
940  / 1234
941  / 1234
942  / 1234
943  / 1234
944  / 1234
945  / 1234
946  / 1234
947  / 1234
948  / 1234
949  / 1234
950  / 1234
951  / 1234
952  / 1234
953  / 1234
954  / 1234
955  / 1234
956  / 1234
957  / 1234
958  / 1234
959  / 1234
960  / 1234
961  / 1234
962  / 1234
963  / 1234
964  / 1234
965  / 1234
966  / 1234
967  / 1234
968  / 1234
969  / 1234
970  / 1234
971  / 1234
972  / 1234
973  / 1234
974  / 1234
975  / 1234
976  / 1234
977  / 1234
978  / 1234
979  / 1234
980  / 1234
981  / 1234
982  / 1234
983  / 1234
984  / 1234
985  / 1234
986  / 1234
987  / 1234
988  / 1234
989  / 1234
990  / 1234
991  / 1234
992  / 1234
993  / 1234
994  / 1234
995  / 1234
996  / 1234
997  / 1234
998  / 1234
999  / 1234
1000  / 1234
1001  / 1234
1002  / 1234
1003  / 1234
1004  / 1234
1005  / 1234
1006  / 1234
1007  / 1234
1008  / 1234
1009  / 1234
1010  / 1234
1011  / 1234
1012  / 1234
1013  / 1234
1014  / 1234
1015  / 1234
1016  / 1234
1017  / 1234
1018  / 1234
1019  / 1234
1020  / 1234
1021  / 1234
1022  / 1234
1023  / 1234
1024  / 1234
1025  / 1234
1026  / 1234
1027  / 1234
1028  / 1234
1029  / 1234
1030  / 1234
1031  / 1234
1032  / 1234
1033  / 1234
1034  / 1234
1035  / 1234
1036  / 1234
1037  / 1234
1038  / 1234
1039  / 1234
1040  / 1234
1041  / 1234
1042  / 1234
1043  / 1234
1044  / 1234
1045  / 1234
1046  / 1234
1047  / 1234
1048  / 1234
1049  / 1234
1050  / 1234
1051  / 1234
1052  / 1234
1053  / 1234
1054  / 1234
1055  / 1234
1056  / 1234
1057  / 1234
1058  / 1234
1059  / 1234
1060  / 1234
1061  / 1234
1062  / 1234
1063  / 1234
1064  / 1234
1065  / 1234
1066  / 1234
1067  / 1234
1068  / 1234
1069  / 1234
1070  / 1234
1071  / 1234
1072  / 1234
1073  / 1234
1074  / 1234
1075  / 1234
1076  / 1234
1077  / 1234
1078  / 1234
1079  / 1234
1080  / 1234
1081  / 1234
1082  / 1234
1083  / 1234
1084  / 1234
1085  / 1234
1086  / 1234
1087  / 1234
1088  / 1234
1089  / 1234
1090  / 1234
1091  / 1234
1092  / 1234
1093  / 1234
1094  / 1234
1095  / 1234
1096  / 1234
1097  / 1234
1098  / 1234
1099  / 1234
1100  / 1234
1101  / 1234
1102  / 1234
1103  / 1234
1104  / 1234
1105  / 1234
1106  / 1234
1107  / 1234
1108  / 1234
1109  / 1234
1110  / 1234
1111  / 1234
1112  / 1234
1113  / 1234
1114  / 1234
1115  / 1234
1116  / 1234
1117  / 1234
1118  / 1234
1119  / 1234
1120  / 1234
1121  / 1234
1122  / 1234
1123  / 1234
1124  / 1234
1125  / 1234
1126  / 1234
1127  / 1234
1128  / 1234
1129  / 1234
1130  / 1234
1131  / 1234
1132  / 1234
1133  / 1234
1134  / 1234
1135  / 1234
1136  / 1234
1137  / 1234
1138  / 1234
1139  / 1234
1140  / 1234
1141  / 1234
1142  / 1234
1143  / 1234
1144  / 1234
1145  / 1234
1146  / 1234
1147  / 1234
1148  / 1234
1149  / 1234
1150  / 1234
1151  / 1234
1152  / 1234
1153  / 1234
1154  / 1234
1155  / 1234
1156  / 1234
1157  / 1234
1158  / 1234
1159  / 1234
1160  / 1234
1161  / 1234
1162  / 1234
1163  / 1234
1164  / 1234
1165  / 1234
1166  / 1234
1167  / 1234
1168  / 1234
1169  / 1234
1170  / 1234
1171  / 1234
1172  / 1234
1173  / 1234
1174  / 1234
1175  / 1234
1176  / 1234
1177  / 1234
1178  / 1234
1179  / 1234
1180  / 1234
1181  / 1234
1182  / 1234
1183  / 1234
1184  / 1234
1185  / 1234
1186  / 1234
1187  / 1234
1188  / 1234
1189  / 1234
1190  / 1234
1191  / 1234
1192  / 1234
1193  / 1234
1194  / 1234
1195  / 1234
1196  / 1234
1197  / 1234
1198  / 1234
1199  / 1234
1200  / 1234
1201  / 1234
1202  / 1234
1203  / 1234
1204  / 1234
1205  / 1234
1206  / 1234
1207  / 1234
1208  / 1234
1209  / 1234
1210  / 1234
1211  / 1234
1212  / 1234
1213  / 1234
1214  / 1234
1215  / 1234
1216  / 1234
1217  / 1234
1218  / 1234
1219  / 1234
1220  / 1234
1221  / 1234
1222  / 1234
1223  / 1234
1224  / 1234
1225  / 1234
1226  / 1234
1227  / 1234
1228  / 1234
1229  / 1234
1230  / 1234
1231  / 1234
1232  / 1234
1233  / 1234
No missing files
RUNNING  configs_V07-06-06/condor_V07-06-06_ttTo2L2Nu_powheg_resubmit.cmd
23
argument list is:  arguments=merged_ntuple_1111 /hadoop/cms/store/group/snt/run2_25ns_76MiniAODv2/TT/TTTo2L2Nu_13TeV-powheg/ext-v1/CMS3_V07-06-03//merged_ntuple_1111.root /hadoop/cms/store/user/bhashemi/dilepbabies/V07-06-06_ttTo2L2Nu_powheg
output path is:  /hadoop/cms/store/user/bhashemi/dilepbabies/V07-06-06_ttTo2L2Nu_powheg
0  / 23
1  / 23
2  / 23
3  / 23
4  / 23
5  / 23
6  / 23
7  / 23
8  / 23
9  / 23
10  / 23
11  / 23
12  / 23
13  / 23
14  / 23
15  / 23
16  / 23
17  / 23
18  / 23
19  / 23
20  / 23
21  / 23
22  / 23
No missing files
RUNNING  configs_V07-06-06/condor_V07-06-06_ttjets_2L-madgraph.cmd
50
argument list is:  arguments=merged_ntuple_1 /hadoop/cms/store/group/snt/run2_25ns_76MiniAODv2/TTJets_DiLept_TuneCUETP8M1_13TeV-madgraphMLM-pythia8_RunIIFall15MiniAODv2-PU25nsData2015v1_76X_mcRun2_asymptotic_v12-v1/V07-06-03_MC//merged_ntuple_1.root /hadoop/cms/store/user/bhashemi/dilepbabies/V07-06-06_ttjets_2L-madgraph
output path is:  /hadoop/cms/store/user/bhashemi/dilepbabies/V07-06-06_ttjets_2L-madgraph
0  / 50
1  / 50
2  / 50
3  / 50
4  / 50
5  / 50
6  / 50
7  / 50
8  / 50
9  / 50
10  / 50
11  / 50
12  / 50
13  / 50
14  / 50
15  / 50
16  / 50
17  / 50
18  / 50
19  / 50
20  / 50
21  / 50
22  / 50
23  / 50
24  / 50
25  / 50
26  / 50
27  / 50
28  / 50
29  / 50
30  / 50
31  / 50
32  / 50
33  / 50
34  / 50
35  / 50
36  / 50
37  / 50
38  / 50
39  / 50
40  / 50
41  / 50
42  / 50
43  / 50
44  / 50
45  / 50
46  / 50
47  / 50
48  / 50
49  / 50
No missing files
RUNNING  configs_V07-06-06/condor_V07-06-06_ttjets_pythia.cmd
80
argument list is:  arguments=merged_ntuple_1 /hadoop/cms/store/group/snt/run2_25ns_76MiniAODv2/TTJets_TuneCUETP8M1_13TeV-madgraphMLM-pythia8_RunIIFall15MiniAODv2-PU25nsData2015v1_76X_mcRun2_asymptotic_v12-v1/V07-06-03_MC//merged_ntuple_1.root /hadoop/cms/store/user/bhashemi/dilepbabies/V07-06-06_ttjets_pythia
output path is:  /hadoop/cms/store/user/bhashemi/dilepbabies/V07-06-06_ttjets_pythia
0  / 80
1  / 80
2  / 80
3  / 80
4  / 80
5  / 80
6  / 80
7  / 80
8  / 80
9  / 80
10  / 80
11  / 80
12  / 80
13  / 80
14  / 80
15  / 80
16  / 80
17  / 80
18  / 80
19  / 80
20  / 80
21  / 80
22  / 80
23  / 80
24  / 80
25  / 80
26  / 80
27  / 80
28  / 80
29  / 80
30  / 80
31  / 80
32  / 80
33  / 80
34  / 80
35  / 80
36  / 80
37  / 80
38  / 80
39  / 80
40  / 80
41  / 80
42  / 80
43  / 80
44  / 80
45  / 80
46  / 80
47  / 80
48  / 80
49  / 80
50  / 80
51  / 80
52  / 80
53  / 80
54  / 80
55  / 80
56  / 80
57  / 80
58  / 80
59  / 80
60  / 80
61  / 80
62  / 80
63  / 80
64  / 80
65  / 80
66  / 80
67  / 80
68  / 80
69  / 80
70  / 80
71  / 80
72  / 80
73  / 80
74  / 80
75  / 80
76  / 80
77  / 80
78  / 80
79  / 80
No missing files
